::1 - - [19/Sep/2023:15:08:14 +0000] "GET /book/get-all-books HTTP/1.1" 200 1723 "-" "PostmanRuntime/7.33.0"
::1 - - [19/Sep/2023:15:10:18 +0000] "PATCH /book/edit-book/64f93d2db214713654704734 HTTP/1.1" 500 146 "-" "PostmanRuntime/7.33.0"
::1 - - [19/Sep/2023:15:10:40 +0000] "POST /auth/login HTTP/1.1" 200 468 "-" "PostmanRuntime/7.33.0"
::1 - - [19/Sep/2023:15:11:05 +0000] "GET /cart/show-my-cart HTTP/1.1" 200 293 "-" "PostmanRuntime/7.33.0"
::1 - - [19/Sep/2023:15:19:36 +0000] "GET /book/get-all-books?sortParam=price&sortOrder=asc HTTP/1.1" 200 1822 "-" "PostmanRuntime/7.33.0"
::1 - - [19/Sep/2023:15:20:11 +0000] "GET /book/get-all-books?sortParam=price&sortOrder=asc&pagesMin=250 HTTP/1.1" 200 871 "-" "PostmanRuntime/7.33.0"
::1 - - [19/Sep/2023:15:20:30 +0000] "GET /book/get-all-books?sortParam=price&sortOrder=asc&pagesMin=250&priceMin=4.99 HTTP/1.1" 200 871 "-" "PostmanRuntime/7.33.0"
::1 - - [19/Sep/2023:15:20:44 +0000] "GET /book/get-all-books?sortParam=price&sortOrder=asc&pagesMin=250&priceMin=4.99&priceMax=5.99 HTTP/1.1" 500 58 "-" "PostmanRuntime/7.33.0"
::1 - - [19/Sep/2023:15:20:51 +0000] "GET /book/get-all-books?sortParam=price&sortOrder=asc&pagesMin=250&priceMin=4.99&priceMax=9.99 HTTP/1.1" 200 970 "-" "PostmanRuntime/7.33.0"
::1 - - [19/Sep/2023:15:21:32 +0000] "GET /book/get-all-books?sortParam=price&sortOrder=asc&priceMin=4.99&priceMax=9.99 HTTP/1.1" 200 1304 "-" "PostmanRuntime/7.33.0"
::1 - - [19/Sep/2023:15:21:44 +0000] "GET /book/get-all-books?sortParam=price&sortOrder=asc&priceMin=4.99&priceMax=9.99&search=drama HTTP/1.1" 200 1304 "-" "PostmanRuntime/7.33.0"
::1 - - [19/Sep/2023:15:21:51 +0000] "GET /book/get-all-books?sortParam=price&sortOrder=asc&priceMin=4.99&priceMax=9.99&search=book%203 HTTP/1.1" 200 379 "-" "PostmanRuntime/7.33.0"
::1 - - [19/Sep/2023:15:22:01 +0000] "GET /book/get-all-books?sortParam=price&sortOrder=asc&priceMin=4.99&priceMax=9.99&search=book%204 HTTP/1.1" 500 58 "-" "PostmanRuntime/7.33.0"
::1 - - [19/Sep/2023:15:28:36 +0000] "POST /book/add-book HTTP/1.1" 500 146 "-" "PostmanRuntime/7.33.0"
::1 - - [19/Sep/2023:15:28:42 +0000] "POST /auth/login HTTP/1.1" 200 457 "-" "PostmanRuntime/7.33.0"
::1 - - [19/Sep/2023:15:29:04 +0000] "POST /book/add-book HTTP/1.1" 400 158 "-" "PostmanRuntime/7.33.0"
::1 - - [19/Sep/2023:15:29:32 +0000] "POST /book/add-book HTTP/1.1" 200 68 "-" "PostmanRuntime/7.33.0"
::1 - - [19/Sep/2023:15:30:56 +0000] "POST /book/add-book HTTP/1.1" 200 68 "-" "PostmanRuntime/7.33.0"
::1 - - [19/Sep/2023:15:32:03 +0000] "POST /book/add-book HTTP/1.1" 200 68 "-" "PostmanRuntime/7.33.0"
::1 - - [19/Sep/2023:15:32:47 +0000] "POST /book/add-book HTTP/1.1" 200 68 "-" "PostmanRuntime/7.33.0"
::1 - - [19/Sep/2023:15:33:48 +0000] "POST /book/add-book HTTP/1.1" 200 68 "-" "PostmanRuntime/7.33.0"
::1 - - [19/Sep/2023:15:34:58 +0000] "POST /book/add-book HTTP/1.1" 200 68 "-" "PostmanRuntime/7.33.0"
::1 - - [19/Sep/2023:15:36:12 +0000] "POST /book/add-book HTTP/1.1" 200 68 "-" "PostmanRuntime/7.33.0"
::1 - - [19/Sep/2023:15:37:13 +0000] "POST /book/add-book HTTP/1.1" 200 68 "-" "PostmanRuntime/7.33.0"
::1 - - [19/Sep/2023:15:38:28 +0000] "POST /book/add-book HTTP/1.1" 200 68 "-" "PostmanRuntime/7.33.0"
::1 - - [19/Sep/2023:17:53:55 +0000] "POST /auth/login HTTP/1.1" 500 64 "-" "PostmanRuntime/7.33.0"
::1 - - [19/Sep/2023:17:54:14 +0000] "POST /auth/login HTTP/1.1" 200 457 "-" "PostmanRuntime/7.33.0"
::1 - - [19/Sep/2023:17:56:11 +0000] "GET /book/get-all-books HTTP/1.1" 200 1055 "-" "PostmanRuntime/7.33.0"
::1 - - [19/Sep/2023:17:59:21 +0000] "GET /book/get-all-books HTTP/1.1" 200 888 "-" "PostmanRuntime/7.33.0"
::1 - - [19/Sep/2023:18:01:08 +0000] "GET /book/get-all-books HTTP/1.1" 200 1080 "-" "PostmanRuntime/7.33.0"
::1 - - [19/Sep/2023:18:07:52 +0000] "POST /auth/login HTTP/1.1" 200 468 "-" "PostmanRuntime/7.33.0"
::1 - - [19/Sep/2023:18:11:43 +0000] "POST /auth/login HTTP/1.1" 200 366 "-" "PostmanRuntime/7.33.0"
::1 - - [19/Sep/2023:18:12:17 +0000] "POST /review/add-review HTTP/1.1" 400 88 "-" "PostmanRuntime/7.33.0"
::1 - - [19/Sep/2023:18:13:12 +0000] "POST /review/add-review HTTP/1.1" 200 291 "-" "PostmanRuntime/7.33.0"
::1 - - [19/Sep/2023:18:14:30 +0000] "POST /review/add-review HTTP/1.1" 400 107 "-" "PostmanRuntime/7.33.0"
::1 - - [19/Sep/2023:18:15:01 +0000] "POST /review/add-review HTTP/1.1" 500 63 "-" "PostmanRuntime/7.33.0"
::1 - - [19/Sep/2023:18:23:29 +0000] "POST /review/add-review HTTP/1.1" 500 63 "-" "PostmanRuntime/7.33.0"
::1 - - [19/Sep/2023:18:24:14 +0000] "POST /review/add-review HTTP/1.1" 500 63 "-" "PostmanRuntime/7.33.0"
::1 - - [19/Sep/2023:18:26:11 +0000] "POST /review/add-review HTTP/1.1" 400 91 "-" "PostmanRuntime/7.33.0"
::1 - - [19/Sep/2023:18:26:51 +0000] "POST /review/add-review HTTP/1.1" 400 74 "-" "PostmanRuntime/7.33.0"
::1 - - [19/Sep/2023:18:26:57 +0000] "POST /review/add-review HTTP/1.1" 400 107 "-" "PostmanRuntime/7.33.0"
::1 - - [19/Sep/2023:18:30:43 +0000] "POST /review/add-review HTTP/1.1" 400 107 "-" "PostmanRuntime/7.33.0"
::1 - - [19/Sep/2023:18:31:02 +0000] "POST /review/add-review HTTP/1.1" 200 289 "-" "PostmanRuntime/7.33.0"
::1 - - [19/Sep/2023:18:31:28 +0000] "POST /review/add-review HTTP/1.1" 400 74 "-" "PostmanRuntime/7.33.0"
::1 - - [19/Sep/2023:18:32:08 +0000] "POST /review/add-review HTTP/1.1" 400 74 "-" "PostmanRuntime/7.33.0"
::1 - - [19/Sep/2023:18:32:29 +0000] "POST /review/add-review HTTP/1.1" 400 74 "-" "PostmanRuntime/7.33.0"
::1 - - [19/Sep/2023:18:32:39 +0000] "POST /review/add-review HTTP/1.1" 400 88 "-" "PostmanRuntime/7.33.0"
::1 - - [19/Sep/2023:18:33:04 +0000] "POST /review/add-review HTTP/1.1" 400 107 "-" "PostmanRuntime/7.33.0"
::1 - - [19/Sep/2023:18:34:15 +0000] "POST /auth/login HTTP/1.1" 500 64 "-" "PostmanRuntime/7.33.0"
::1 - - [19/Sep/2023:18:34:17 +0000] "POST /auth/login HTTP/1.1" 500 64 "-" "PostmanRuntime/7.33.0"
::1 - - [19/Sep/2023:18:34:19 +0000] "POST /auth/login HTTP/1.1" 500 64 "-" "PostmanRuntime/7.33.0"
::1 - - [19/Sep/2023:18:34:20 +0000] "POST /auth/login HTTP/1.1" 401 96 "-" "PostmanRuntime/7.33.0"
::1 - - [19/Sep/2023:18:34:27 +0000] "POST /auth/login HTTP/1.1" 401 95 "-" "PostmanRuntime/7.33.0"
::1 - - [19/Sep/2023:18:34:32 +0000] "POST /auth/login HTTP/1.1" 401 95 "-" "PostmanRuntime/7.33.0"
::1 - - [19/Sep/2023:18:34:35 +0000] "POST /auth/login HTTP/1.1" 401 96 "-" "PostmanRuntime/7.33.0"
::1 - - [19/Sep/2023:18:34:37 +0000] "POST /auth/login HTTP/1.1" 500 64 "-" "PostmanRuntime/7.33.0"
::1 - - [19/Sep/2023:18:34:44 +0000] "POST /auth/login HTTP/1.1" 500 64 "-" "PostmanRuntime/7.33.0"
::1 - - [19/Sep/2023:21:41:32 +0000] "POST /auth/login HTTP/1.1" 500 64 "-" "PostmanRuntime/7.33.0"
::1 - - [19/Sep/2023:21:42:17 +0000] "POST /auth/login HTTP/1.1" 401 97 "-" "PostmanRuntime/7.33.0"
::1 - - [19/Sep/2023:21:42:23 +0000] "POST /auth/login HTTP/1.1" 200 354 "-" "PostmanRuntime/7.33.0"
::1 - - [19/Sep/2023:21:43:56 +0000] "POST /auth/login HTTP/1.1" 500 64 "-" "PostmanRuntime/7.33.0"
::1 - - [19/Sep/2023:21:43:58 +0000] "POST /auth/login HTTP/1.1" 500 64 "-" "PostmanRuntime/7.33.0"
::1 - - [19/Sep/2023:21:43:59 +0000] "POST /auth/login HTTP/1.1" 500 64 "-" "PostmanRuntime/7.33.0"
::1 - - [19/Sep/2023:21:44:01 +0000] "POST /auth/login HTTP/1.1" 401 96 "-" "PostmanRuntime/7.33.0"
::1 - - [19/Sep/2023:21:44:03 +0000] "POST /auth/login HTTP/1.1" 401 95 "-" "PostmanRuntime/7.33.0"
::1 - - [19/Sep/2023:21:44:08 +0000] "POST /auth/login HTTP/1.1" 401 94 "-" "PostmanRuntime/7.33.0"
::1 - - [19/Sep/2023:21:44:12 +0000] "POST /auth/login HTTP/1.1" 401 95 "-" "PostmanRuntime/7.33.0"
::1 - - [19/Sep/2023:21:44:15 +0000] "POST /auth/login HTTP/1.1" 401 96 "-" "PostmanRuntime/7.33.0"
::1 - - [19/Sep/2023:21:44:17 +0000] "POST /auth/login HTTP/1.1" 500 64 "-" "PostmanRuntime/7.33.0"
::1 - - [19/Sep/2023:21:45:23 +0000] "POST /auth/login HTTP/1.1" 500 64 "-" "PostmanRuntime/7.33.0"
::1 - - [19/Sep/2023:21:45:25 +0000] "POST /auth/login HTTP/1.1" 500 64 "-" "PostmanRuntime/7.33.0"
::1 - - [19/Sep/2023:21:45:26 +0000] "POST /auth/login HTTP/1.1" 401 96 "-" "PostmanRuntime/7.33.0"
::1 - - [19/Sep/2023:21:45:31 +0000] "POST /auth/login HTTP/1.1" 401 95 "-" "PostmanRuntime/7.33.0"
::1 - - [19/Sep/2023:21:45:33 +0000] "POST /auth/login HTTP/1.1" 401 95 "-" "PostmanRuntime/7.33.0"
::1 - - [19/Sep/2023:21:45:37 +0000] "POST /auth/login HTTP/1.1" 401 95 "-" "PostmanRuntime/7.33.0"
::1 - - [19/Sep/2023:21:45:41 +0000] "POST /auth/login HTTP/1.1" 500 64 "-" "PostmanRuntime/7.33.0"
::1 - - [19/Sep/2023:21:46:13 +0000] "POST /auth/login HTTP/1.1" 500 64 "-" "PostmanRuntime/7.33.0"
::1 - - [19/Sep/2023:21:46:15 +0000] "POST /auth/login HTTP/1.1" 500 64 "-" "PostmanRuntime/7.33.0"
::1 - - [19/Sep/2023:21:46:16 +0000] "POST /auth/login HTTP/1.1" 401 96 "-" "PostmanRuntime/7.33.0"
::1 - - [19/Sep/2023:21:46:30 +0000] "POST /auth/login HTTP/1.1" 500 64 "-" "PostmanRuntime/7.33.0"
::1 - - [19/Sep/2023:21:46:32 +0000] "POST /auth/login HTTP/1.1" 401 95 "-" "PostmanRuntime/7.33.0"
::1 - - [19/Sep/2023:21:46:36 +0000] "POST /auth/login HTTP/1.1" 401 95 "-" "PostmanRuntime/7.33.0"
::1 - - [19/Sep/2023:21:47:07 +0000] "POST /auth/login HTTP/1.1" 500 64 "-" "PostmanRuntime/7.33.0"
::1 - - [19/Sep/2023:21:47:35 +0000] "POST /auth/login HTTP/1.1" 500 64 "-" "PostmanRuntime/7.33.0"
::1 - - [19/Sep/2023:21:47:38 +0000] "POST /auth/login HTTP/1.1" 500 64 "-" "PostmanRuntime/7.33.0"
::1 - - [19/Sep/2023:21:47:40 +0000] "POST /auth/login HTTP/1.1" 500 64 "-" "PostmanRuntime/7.33.0"
::1 - - [19/Sep/2023:21:47:42 +0000] "POST /auth/login HTTP/1.1" 401 96 "-" "PostmanRuntime/7.33.0"
::1 - - [19/Sep/2023:21:47:59 +0000] "POST /auth/login HTTP/1.1" 500 64 "-" "PostmanRuntime/7.33.0"
::1 - - [19/Sep/2023:21:48:08 +0000] "POST /auth/login HTTP/1.1" 500 64 "-" "PostmanRuntime/7.33.0"
::1 - - [19/Sep/2023:21:48:10 +0000] "POST /auth/login HTTP/1.1" 500 64 "-" "PostmanRuntime/7.33.0"
::1 - - [19/Sep/2023:21:48:11 +0000] "POST /auth/login HTTP/1.1" 500 64 "-" "PostmanRuntime/7.33.0"
::1 - - [19/Sep/2023:21:48:16 +0000] "POST /auth/login HTTP/1.1" 401 96 "-" "PostmanRuntime/7.33.0"
::1 - - [19/Sep/2023:21:48:22 +0000] "POST /auth/login HTTP/1.1" 401 95 "-" "PostmanRuntime/7.33.0"
::1 - - [19/Sep/2023:21:48:27 +0000] "POST /auth/login HTTP/1.1" 200 354 "-" "PostmanRuntime/7.33.0"
::1 - - [19/Sep/2023:21:54:49 +0000] "POST /auth/signup HTTP/1.1" 400 77 "-" "PostmanRuntime/7.33.0"
::1 - - [19/Sep/2023:21:55:09 +0000] "POST /auth/signup HTTP/1.1" 200 68 "-" "PostmanRuntime/7.33.0"
::1 - - [19/Sep/2023:21:57:44 +0000] "POST /auth/signup HTTP/1.1" 200 139 "-" "PostmanRuntime/7.33.0"
::1 - - [19/Sep/2023:22:01:44 +0000] "POST /auth/signup HTTP/1.1" 400 77 "-" "PostmanRuntime/7.33.0"
::1 - - [19/Sep/2023:22:01:53 +0000] "POST /auth/signup HTTP/1.1" 422 267 "-" "PostmanRuntime/7.33.0"
::1 - - [19/Sep/2023:22:21:32 +0000] "GET /book/get-all-books HTTP/1.1" 200 533 "-" "PostmanRuntime/7.33.0"
::1 - - [19/Sep/2023:22:27:28 +0000] "GET /book/get-all-books?pagesMin=150&pagesMax=250 HTTP/1.1" 400 60 "-" "PostmanRuntime/7.33.0"
::1 - - [19/Sep/2023:22:27:37 +0000] "GET /book/get-all-books?pagesMin=450&pagesMax=250 HTTP/1.1" 400 94 "-" "PostmanRuntime/7.33.0"
::1 - - [19/Sep/2023:22:28:35 +0000] "GET /book/get-book-by-id/65058c57f03396008202befe HTTP/1.1" 400 14 "-" "PostmanRuntime/7.33.0"
::1 - - [19/Sep/2023:22:32:17 +0000] "GET /book/get-book-review/65058c57f03396008202befe HTTP/1.1" 200 663 "-" "PostmanRuntime/7.33.0"
::1 - - [19/Sep/2023:22:34:54 +0000] "GET /book/get-book-review/65058c57f03396008202befe HTTP/1.1" 200 567 "-" "PostmanRuntime/7.33.0"
::1 - - [19/Sep/2023:22:35:17 +0000] "GET /book/get-book-review/65058c57f03396008202befe HTTP/1.1" 200 663 "-" "PostmanRuntime/7.33.0"
::1 - - [19/Sep/2023:22:35:51 +0000] "GET /book/get-book-review/65058c57f03396008202befe HTTP/1.1" 200 531 "-" "PostmanRuntime/7.33.0"
::1 - - [19/Sep/2023:22:36:22 +0000] "GET /book/get-book-review/65058c57f03396008202befe HTTP/1.1" 200 531 "-" "PostmanRuntime/7.33.0"
::1 - - [19/Sep/2023:22:36:33 +0000] "GET /book/get-book-review/65058c57f03396008202befe HTTP/1.1" 200 531 "-" "PostmanRuntime/7.33.0"
::1 - - [19/Sep/2023:22:37:12 +0000] "GET /book/get-book-review/65058c57f03396008202befe HTTP/1.1" 200 431 "-" "PostmanRuntime/7.33.0"
::1 - - [19/Sep/2023:22:37:26 +0000] "GET /book/get-book-review/65058c57f03396008202befe HTTP/1.1" 200 398 "-" "PostmanRuntime/7.33.0"
::1 - - [19/Sep/2023:22:37:54 +0000] "GET /book/get-book-review/65058c57f03396008202befe HTTP/1.1" 200 398 "-" "PostmanRuntime/7.33.0"
::1 - - [19/Sep/2023:22:38:18 +0000] "GET /book/get-book-review/65058c57f03396008202befe HTTP/1.1" 200 398 "-" "PostmanRuntime/7.33.0"
::1 - - [19/Sep/2023:22:40:26 +0000] "GET /book/get-book-review/65058c57f03396008202befe HTTP/1.1" 200 266 "-" "PostmanRuntime/7.33.0"
::1 - - [19/Sep/2023:22:50:20 +0000] "POST /cart/add-to-cart HTTP/1.1" 500 146 "-" "PostmanRuntime/7.33.0"
::1 - - [19/Sep/2023:22:51:03 +0000] "POST /auth/login HTTP/1.1" 500 64 "-" "PostmanRuntime/7.33.0"
::1 - - [19/Sep/2023:22:51:17 +0000] "POST /auth/login HTTP/1.1" 200 366 "-" "PostmanRuntime/7.33.0"
::1 - - [19/Sep/2023:22:51:54 +0000] "POST /cart/add-to-cart HTTP/1.1" 400 57 "-" "PostmanRuntime/7.33.0"
::1 - - [19/Sep/2023:22:52:10 +0000] "POST /cart/add-to-cart HTTP/1.1" 200 277 "-" "PostmanRuntime/7.33.0"
::1 - - [19/Sep/2023:22:56:50 +0000] "POST /cart/add-to-cart HTTP/1.1" 200 277 "-" "PostmanRuntime/7.33.0"
::1 - - [19/Sep/2023:22:57:16 +0000] "POST /cart/add-to-cart HTTP/1.1" 200 236 "-" "PostmanRuntime/7.33.0"
::1 - - [19/Sep/2023:23:01:22 +0000] "PATCH /cart/delete-cart HTTP/1.1" 404 157 "-" "PostmanRuntime/7.33.0"
::1 - - [19/Sep/2023:23:01:58 +0000] "PATCH /cart/delete-from-cart HTTP/1.1" 200 295 "-" "PostmanRuntime/7.33.0"
::1 - - [19/Sep/2023:23:03:40 +0000] "PATCH /cart/delete-from-cart HTTP/1.1" 200 254 "-" "PostmanRuntime/7.33.0"
::1 - - [19/Sep/2023:23:05:23 +0000] "POST /cart/add-to-cart HTTP/1.1" 500 64 "-" "PostmanRuntime/7.33.0"
::1 - - [19/Sep/2023:23:06:00 +0000] "POST /cart/add-to-cart HTTP/1.1" 200 255 "-" "PostmanRuntime/7.33.0"
::1 - - [19/Sep/2023:23:09:31 +0000] "GET /cart/show-my-cart HTTP/1.1" 400 68 "-" "PostmanRuntime/7.33.0"
::1 - - [19/Sep/2023:23:12:52 +0000] "GET /cart/show-my-cart HTTP/1.1" 200 272 "-" "PostmanRuntime/7.33.0"
::1 - - [19/Sep/2023:23:14:27 +0000] "GET /cart/show-my-cart HTTP/1.1" 400 68 "-" "PostmanRuntime/7.33.0"
::1 - - [19/Sep/2023:23:14:57 +0000] "GET /cart/show-my-cart HTTP/1.1" 200 292 "-" "PostmanRuntime/7.33.0"
::1 - - [19/Sep/2023:23:16:11 +0000] "GET /cart/show-my-cart HTTP/1.1" 500 64 "-" "PostmanRuntime/7.33.0"
::1 - - [19/Sep/2023:23:16:34 +0000] "GET /cart/show-my-cart HTTP/1.1" 500 64 "-" "PostmanRuntime/7.33.0"
::1 - - [19/Sep/2023:23:17:03 +0000] "GET /cart/show-my-cart HTTP/1.1" 200 251 "-" "PostmanRuntime/7.33.0"
::1 - - [19/Sep/2023:23:21:54 +0000] "POST /cart/checkout HTTP/1.1" 500 146 "-" "PostmanRuntime/7.33.0"
::1 - - [19/Sep/2023:23:22:13 +0000] "POST /cart/checkout HTTP/1.1" 500 64 "-" "PostmanRuntime/7.33.0"
::1 - - [19/Sep/2023:23:24:18 +0000] "POST /cart/checkout HTTP/1.1" 400 62 "-" "PostmanRuntime/7.33.0"
::1 - - [19/Sep/2023:23:25:35 +0000] "POST /cart/checkout HTTP/1.1" 400 62 "-" "PostmanRuntime/7.33.0"
::1 - - [19/Sep/2023:23:26:31 +0000] "POST /cart/checkout HTTP/1.1" 400 62 "-" "PostmanRuntime/7.33.0"
::1 - - [19/Sep/2023:23:27:02 +0000] "POST /cart/checkout HTTP/1.1" 200 300 "-" "PostmanRuntime/7.33.0"
::1 - - [19/Sep/2023:23:32:38 +0000] "GET /cart/show-my-transaction HTTP/1.1" 200 69 "-" "PostmanRuntime/7.33.0"
::1 - - [19/Sep/2023:23:34:25 +0000] "GET /cart/show-my-transaction HTTP/1.1" 200 330 "-" "PostmanRuntime/7.33.0"
::1 - - [19/Sep/2023:23:36:23 +0000] "GET /cart/show-my-transaction HTTP/1.1" 200 289 "-" "PostmanRuntime/7.33.0"
::1 - - [19/Sep/2023:23:40:58 +0000] "POST /review/add-review HTTP/1.1" 500 146 "-" "PostmanRuntime/7.33.0"
::1 - - [19/Sep/2023:23:41:15 +0000] "POST /review/add-review HTTP/1.1" 200 291 "-" "PostmanRuntime/7.33.0"
::1 - - [19/Sep/2023:23:41:20 +0000] "POST /review/add-review HTTP/1.1" 400 107 "-" "PostmanRuntime/7.33.0"
::1 - - [19/Sep/2023:23:41:38 +0000] "POST /review/add-review HTTP/1.1" 200 291 "-" "PostmanRuntime/7.33.0"
::1 - - [19/Sep/2023:23:42:53 +0000] "POST /review/add-review HTTP/1.1" 200 250 "-" "PostmanRuntime/7.33.0"
::1 - - [20/Sep/2023:00:01:30 +0000] "PUT /review/update-review HTTP/1.1" 500 146 "-" "PostmanRuntime/7.33.0"
::1 - - [20/Sep/2023:00:01:43 +0000] "PUT /review/update-review HTTP/1.1" 200 291 "-" "PostmanRuntime/7.33.0"
::1 - - [20/Sep/2023:00:02:52 +0000] "PUT /review/update-review HTTP/1.1" 500 64 "-" "PostmanRuntime/7.33.0"
::1 - - [20/Sep/2023:00:03:49 +0000] "PUT /review/update-review HTTP/1.1" 200 252 "-" "PostmanRuntime/7.33.0"
::1 - - [20/Sep/2023:00:03:54 +0000] "PUT /review/update-review HTTP/1.1" 200 252 "-" "PostmanRuntime/7.33.0"
::1 - - [20/Sep/2023:00:06:01 +0000] "PUT /review/update-review HTTP/1.1" 200 102 "-" "PostmanRuntime/7.33.0"
::1 - - [20/Sep/2023:00:08:04 +0000] "GET /cart/show-my-transaction HTTP/1.1" 200 289 "-" "PostmanRuntime/7.33.0"
::1 - - [20/Sep/2023:00:13:11 +0000] "PUT /reader/update-balance HTTP/1.1" 500 62 "-" "PostmanRuntime/7.33.0"
::1 - - [20/Sep/2023:00:14:32 +0000] "PUT /reader/update-balance HTTP/1.1" 500 62 "-" "PostmanRuntime/7.33.0"
::1 - - [20/Sep/2023:00:15:02 +0000] "PUT /reader/update-balance HTTP/1.1" 500 62 "-" "PostmanRuntime/7.33.0"
::1 - - [20/Sep/2023:00:16:14 +0000] "PUT /reader/update-balance HTTP/1.1" 500 62 "-" "PostmanRuntime/7.33.0"
::1 - - [20/Sep/2023:00:16:40 +0000] "PUT /reader/update-balance HTTP/1.1" 200 279 "-" "PostmanRuntime/7.33.0"
::1 - - [20/Sep/2023:00:20:07 +0000] "PUT /reader/update-balance HTTP/1.1" 200 110 "-" "PostmanRuntime/7.33.0"
::1 - - [20/Sep/2023:00:28:53 +0000] "GET /cart/get-transaction HTTP/1.1" 200 819 "-" "PostmanRuntime/7.33.0"
::1 - - [20/Sep/2023:00:32:43 +0000] "GET /cart/get-transaction HTTP/1.1" 400 63 "-" "PostmanRuntime/7.33.0"
::1 - - [20/Sep/2023:00:33:10 +0000] "POST /auth/login HTTP/1.1" 200 354 "-" "PostmanRuntime/7.33.0"
::1 - - [20/Sep/2023:00:33:35 +0000] "GET /cart/get-transaction HTTP/1.1" 200 340 "-" "PostmanRuntime/7.33.0"
::1 - - [20/Sep/2023:00:34:50 +0000] "GET /cart/get-transaction HTTP/1.1" 200 299 "-" "PostmanRuntime/7.33.0"
::1 - - [20/Sep/2023:00:35:11 +0000] "GET /cart/show-my-cart HTTP/1.1" 400 68 "-" "PostmanRuntime/7.33.0"
::1 - - [20/Sep/2023:00:35:27 +0000] "GET /cart/get-all-cart HTTP/1.1" 400 67 "-" "PostmanRuntime/7.33.0"
::1 - - [20/Sep/2023:00:40:11 +0000] "POST /cart/add-to-cart HTTP/1.1" 200 254 "-" "PostmanRuntime/7.33.0"
::1 - - [20/Sep/2023:00:40:17 +0000] "GET /cart/get-all-cart HTTP/1.1" 200 264 "-" "PostmanRuntime/7.33.0"
